[2022-08-12 05:11:23,976] {taskinstance.py:1179} INFO - Dependencies all met for <TaskInstance: ETL_DAG_US_FOOD_NUTRITION.Ingest_from_food_consumption_estimates manual__2022-08-12T05:11:17.280858+00:00 [queued]>
[2022-08-12 05:11:24,038] {taskinstance.py:1179} INFO - Dependencies all met for <TaskInstance: ETL_DAG_US_FOOD_NUTRITION.Ingest_from_food_consumption_estimates manual__2022-08-12T05:11:17.280858+00:00 [queued]>
[2022-08-12 05:11:24,040] {taskinstance.py:1376} INFO - 
--------------------------------------------------------------------------------
[2022-08-12 05:11:24,045] {taskinstance.py:1377} INFO - Starting attempt 1 of 6
[2022-08-12 05:11:24,046] {taskinstance.py:1378} INFO - 
--------------------------------------------------------------------------------
[2022-08-12 05:11:24,066] {taskinstance.py:1397} INFO - Executing <Task(PythonOperator): Ingest_from_food_consumption_estimates> on 2022-08-12 05:11:17.280858+00:00
[2022-08-12 05:11:24,089] {standard_task_runner.py:52} INFO - Started process 10591 to run task
[2022-08-12 05:11:24,134] {standard_task_runner.py:79} INFO - Running: ['***', 'tasks', 'run', 'ETL_DAG_US_FOOD_NUTRITION', 'Ingest_from_food_consumption_estimates', 'manual__2022-08-12T05:11:17.280858+00:00', '--job-id', '799', '--raw', '--subdir', 'DAGS_FOLDER/etl_dag.py', '--cfg-path', '/tmp/tmpz884039o', '--error-file', '/tmp/tmpnlohq_ti']
[2022-08-12 05:11:24,170] {standard_task_runner.py:80} INFO - Job 799: Subtask Ingest_from_food_consumption_estimates
[2022-08-12 05:11:24,441] {task_command.py:371} INFO - Running <TaskInstance: ETL_DAG_US_FOOD_NUTRITION.Ingest_from_food_consumption_estimates manual__2022-08-12T05:11:17.280858+00:00 [running]> on host ae5c2449a624
[2022-08-12 05:11:24,620] {taskinstance.py:1591} INFO - Exporting the following env vars:
AIRFLOW_CTX_DAG_OWNER=narapady
AIRFLOW_CTX_DAG_ID=ETL_DAG_US_FOOD_NUTRITION
AIRFLOW_CTX_TASK_ID=Ingest_from_food_consumption_estimates
AIRFLOW_CTX_EXECUTION_DATE=2022-08-12T05:11:17.280858+00:00
AIRFLOW_CTX_TRY_NUMBER=1
AIRFLOW_CTX_DAG_RUN_ID=manual__2022-08-12T05:11:17.280858+00:00
[2022-08-12 05:13:35,419] {taskinstance.py:1909} ERROR - Task failed with exception
Traceback (most recent call last):
  File "/home/airflow/.local/lib/python3.7/site-packages/urllib3/connection.py", line 175, in _new_conn
    (self._dns_host, self.port), self.timeout, **extra_kw
  File "/home/airflow/.local/lib/python3.7/site-packages/urllib3/util/connection.py", line 95, in create_connection
    raise err
  File "/home/airflow/.local/lib/python3.7/site-packages/urllib3/util/connection.py", line 85, in create_connection
    sock.connect(sa)
TimeoutError: [Errno 110] Connection timed out

During handling of the above exception, another exception occurred:

Traceback (most recent call last):
  File "/home/airflow/.local/lib/python3.7/site-packages/urllib3/connectionpool.py", line 710, in urlopen
    chunked=chunked,
  File "/home/airflow/.local/lib/python3.7/site-packages/urllib3/connectionpool.py", line 386, in _make_request
    self._validate_conn(conn)
  File "/home/airflow/.local/lib/python3.7/site-packages/urllib3/connectionpool.py", line 1040, in _validate_conn
    conn.connect()
  File "/home/airflow/.local/lib/python3.7/site-packages/urllib3/connection.py", line 358, in connect
    self.sock = conn = self._new_conn()
  File "/home/airflow/.local/lib/python3.7/site-packages/urllib3/connection.py", line 187, in _new_conn
    self, "Failed to establish a new connection: %s" % e
urllib3.exceptions.NewConnectionError: <urllib3.connection.HTTPSConnection object at 0xffff60582f90>: Failed to establish a new connection: [Errno 110] Connection timed out

During handling of the above exception, another exception occurred:

Traceback (most recent call last):
  File "/home/airflow/.local/lib/python3.7/site-packages/requests/adapters.py", line 499, in send
    timeout=timeout,
  File "/home/airflow/.local/lib/python3.7/site-packages/urllib3/connectionpool.py", line 786, in urlopen
    method, url, error=e, _pool=self, _stacktrace=sys.exc_info()[2]
  File "/home/airflow/.local/lib/python3.7/site-packages/urllib3/util/retry.py", line 592, in increment
    raise MaxRetryError(_pool, url, error or ResponseError(cause))
urllib3.exceptions.MaxRetryError: HTTPSConnectionPool(host='www.ers.usda.gov', port=443): Max retries exceeded with url: /data-products/commodity-consumption-by-population-characteristics/ (Caused by NewConnectionError('<urllib3.connection.HTTPSConnection object at 0xffff60582f90>: Failed to establish a new connection: [Errno 110] Connection timed out'))

During handling of the above exception, another exception occurred:

Traceback (most recent call last):
  File "/home/airflow/.local/lib/python3.7/site-packages/airflow/operators/python.py", line 171, in execute
    return_value = self.execute_callable()
  File "/home/airflow/.local/lib/python3.7/site-packages/airflow/operators/python.py", line 189, in execute_callable
    return self.python_callable(*self.op_args, **self.op_kwargs)
  File "/opt/airflow/dags/ingest/ingestor.py", line 133, in run
    ingestor_usda.ingest()
  File "/opt/airflow/dags/ingest/ingestor.py", line 120, in ingest
    ingest_usda(self.s3, self.source, self.bucket_name, self.category)
  File "/opt/airflow/dags/ingest/ingestor.py", line 64, in ingest_usda
    source_list = [get_links(source) for source in sources]
  File "/opt/airflow/dags/ingest/ingestor.py", line 64, in <listcomp>
    source_list = [get_links(source) for source in sources]
  File "/opt/airflow/dags/ingest/ingestor.py", line 25, in get_links
    req = requests.get(url)
  File "/home/airflow/.local/lib/python3.7/site-packages/requests/api.py", line 73, in get
    return request("get", url, params=params, **kwargs)
  File "/home/airflow/.local/lib/python3.7/site-packages/requests/api.py", line 59, in request
    return session.request(method=method, url=url, **kwargs)
  File "/home/airflow/.local/lib/python3.7/site-packages/requests/sessions.py", line 587, in request
    resp = self.send(prep, **send_kwargs)
  File "/home/airflow/.local/lib/python3.7/site-packages/requests/sessions.py", line 701, in send
    r = adapter.send(request, **kwargs)
  File "/home/airflow/.local/lib/python3.7/site-packages/requests/adapters.py", line 565, in send
    raise ConnectionError(e, request=request)
requests.exceptions.ConnectionError: HTTPSConnectionPool(host='www.ers.usda.gov', port=443): Max retries exceeded with url: /data-products/commodity-consumption-by-population-characteristics/ (Caused by NewConnectionError('<urllib3.connection.HTTPSConnection object at 0xffff60582f90>: Failed to establish a new connection: [Errno 110] Connection timed out'))
[2022-08-12 05:13:35,497] {taskinstance.py:1420} INFO - Marking task as UP_FOR_RETRY. dag_id=ETL_DAG_US_FOOD_NUTRITION, task_id=Ingest_from_food_consumption_estimates, execution_date=20220812T051117, start_date=20220812T051123, end_date=20220812T051335
[2022-08-12 05:13:35,681] {standard_task_runner.py:97} ERROR - Failed to execute job 799 for task Ingest_from_food_consumption_estimates (HTTPSConnectionPool(host='www.ers.usda.gov', port=443): Max retries exceeded with url: /data-products/commodity-consumption-by-population-characteristics/ (Caused by NewConnectionError('<urllib3.connection.HTTPSConnection object at 0xffff60582f90>: Failed to establish a new connection: [Errno 110] Connection timed out')); 10591)
[2022-08-12 05:13:35,736] {local_task_job.py:156} INFO - Task exited with return code 1
[2022-08-12 05:13:35,908] {local_task_job.py:273} INFO - 0 downstream tasks scheduled from follow-on schedule check
